/usr/bin/ld: ../../src/liblzma/.libs/liblzma.a(liblzma_la-filter_encoder.o):(.rodata+0x40): undefined reference to `lzma_lzma2_encoder_init'
/usr/bin/ld: ../../src/liblzma/.libs/liblzma.a(liblzma_la-filter_encoder.o):(.rodata+0x48): undefined reference to `lzma_lzma2_encoder_memusage'
/usr/bin/ld: ../../src/liblzma/.libs/liblzma.a(liblzma_la-filter_encoder.o):(.rodata+0x50): undefined reference to `lzma_lzma2_block_size'
/usr/bin/ld: ../../src/liblzma/.libs/liblzma.a(liblzma_la-filter_encoder.o):(.rodata+0x68): undefined reference to `lzma_lzma2_props_encode'
/usr/bin/ld: ../../src/liblzma/.libs/liblzma.a(liblzma_la-filter_encoder.o):(.rodata+0x78): undefined reference to `lzma_simple_x86_encoder_init'
/usr/bin/ld: ../../src/liblzma/.libs/liblzma.a(liblzma_la-filter_encoder.o):(.rodata+0xe8): undefined reference to `lzma_simple_ia64_encoder_init'
/usr/bin/ld: ../../src/liblzma/.libs/liblzma.a(liblzma_la-filter_encoder.o):(.rodata+0x120): undefined reference to `lzma_simple_arm_encoder_init'
/usr/bin/ld: ../../src/liblzma/.libs/liblzma.a(liblzma_la-filter_encoder.o):(.rodata+0x158): undefined reference to `lzma_simple_armthumb_encoder_init'
/usr/bin/ld: ../../src/liblzma/.libs/liblzma.a(liblzma_la-filter_encoder.o):(.rodata+0x190): undefined reference to `lzma_simple_sparc_encoder_init'
/usr/bin/ld: ../../src/liblzma/.libs/liblzma.a(liblzma_la-filter_encoder.o):(.rodata+0x1c8): undefined reference to `lzma_delta_encoder_init'
/usr/bin/ld: ../../src/liblzma/.libs/liblzma.a(liblzma_la-filter_encoder.o):(.rodata+0x1d0): undefined reference to `lzma_delta_coder_memusage'
/usr/bin/ld: ../../src/liblzma/.libs/liblzma.a(liblzma_la-filter_encoder.o):(.rodata+0x1f0): undefined reference to `lzma_delta_props_encode'
/usr/bin/ld: ../../src/liblzma/.libs/liblzma.a(liblzma_la-check.o): in function `lzma_check_init':
/github/xz/src/liblzma/check/check.c:104: undefined reference to `lzma_sha256_init'
/usr/bin/ld: ../../src/liblzma/.libs/liblzma.a(liblzma_la-check.o): in function `lzma_check_update':
/github/xz/src/liblzma/check/check.c:135: undefined reference to `lzma_sha256_update'
/usr/bin/ld: ../../src/liblzma/.libs/liblzma.a(liblzma_la-check.o): in function `lzma_check_finish':
/github/xz/src/liblzma/check/check.c:165: undefined reference to `lzma_sha256_finish'
collect2: error: ld returned 1 exit status
make[3]: *** [Makefile:509: xz] Error 1
make[2]: *** [Makefile:422: all-recursive] Error 1
make[1]: *** [Makefile:616: all-recursive] Error 1
make: *** [Makefile:483: all] Error 2
